<?xml version="1.0" encoding="UTF-8"?>
<testng-results skipped="0" failed="0" ignored="0" total="1" passed="1">
  <reporter-output>
  </reporter-output>
  <suite name="Default suite" duration-ms="15275" started-at="2020-11-16T14:14:11 CST" finished-at="2020-11-16T14:14:27 CST">
    <groups>
    </groups>
    <test name="Default test" duration-ms="15275" started-at="2020-11-16T14:14:11 CST" finished-at="2020-11-16T14:14:27 CST">
      <class name="com.bxx.test.IndexPageTest">
        <test-method status="PASS" signature="addListener(org.testng.ITestContext)[pri:0, instance:com.bxx.test.IndexPageTest@51cdd8a]" name="addListener" is-config="true" duration-ms="14" started-at="2020-11-16T14:14:11 CST" description="添加监听器" finished-at="2020-11-16T14:14:11 CST">
          <params>
            <param index="0">
              <value>
                <![CDATA[org.testng.TestRunner@6e46d9f4]]>
              </value>
            </param>
          </params>
          <reporter-output>
          </reporter-output>
        </test-method> <!-- addListener -->
        <test-method status="PASS" signature="start()[pri:0, instance:com.bxx.test.IndexPageTest@51cdd8a]" name="start" is-config="true" duration-ms="8626" started-at="2020-11-16T14:14:11 CST" finished-at="2020-11-16T14:14:20 CST">
          <reporter-output>
          </reporter-output>
        </test-method> <!-- start -->
        <test-method status="PASS" signature="loginTest()[pri:0, instance:com.bxx.test.IndexPageTest@51cdd8a]" name="loginTest" duration-ms="6600" started-at="2020-11-16T14:14:20 CST" finished-at="2020-11-16T14:14:27 CST">
          <reporter-output>
          </reporter-output>
        </test-method> <!-- loginTest -->
        <test-method status="PASS" signature="end()[pri:0, instance:com.bxx.test.IndexPageTest@51cdd8a]" name="end" is-config="true" duration-ms="20939" started-at="2020-11-16T14:14:27 CST" finished-at="2020-11-16T14:14:48 CST">
          <reporter-output>
          </reporter-output>
        </test-method> <!-- end -->
      </class> <!-- com.bxx.test.IndexPageTest -->
    </test> <!-- Default test -->
  </suite> <!-- Default suite -->
</testng-results>
