<?xml version="1.0" encoding="UTF-8"?>
<!-- Generated by org.testng.reporters.JUnitXMLReporter -->
<testsuite hostname="DESKTOP-TNDKL02" ignored="0" name="all" tests="9" failures="0" timestamp="2020-12-04T16:34:27 CST" time="197.997" errors="0">
  <testcase name="editPhoneBtnText" time="18.287" classname="com.webtest.demo.PhoneMenuSetting"/>
  <testcase name="editPhoneBtnUrl" time="25.059" classname="com.webtest.demo.PhoneMenuSetting"/>
  <testcase name="deletePhoneBtnImg" time="19.399" classname="com.webtest.demo.PhoneMenuSetting"/>
  <testcase name="editPhoneBtnImg" time="26.516" classname="com.webtest.demo.PhoneMenuSetting"/>
  <testcase name="editPhoneBtnColor" time="16.322" classname="com.webtest.demo.PhoneMenuSetting"/>
  <testcase name="editPhoneTextColor" time="16.342" classname="com.webtest.demo.PhoneMenuSetting"/>
  <testcase name="editPhoneBtnEnable" time="21.786" classname="com.webtest.demo.PhoneMenuSetting"/>
  <testcase name="addPhoneBtn" time="19.69" classname="com.webtest.demo.PhoneMenuSetting"/>
  <testcase name="deletePhoneBtn" time="21.571" classname="com.webtest.demo.PhoneMenuSetting"/>
</testsuite> <!-- all -->
