<?xml version="1.0" encoding="UTF-8"?>
<!-- Generated by org.testng.reporters.JUnitXMLReporter -->
<testsuite hostname="LAPTOP-DDFJPIK8" ignored="0" name="test" tests="16" failures="3" timestamp="2020-12-01T23:42:32 CST" time="517.914" errors="0">
  <testcase name="test1" time="10.062" classname="com.bxx.test.JoinusjobTest"/>
  <testcase name="test10" time="6.657" classname="com.bxx.test.JoinusjobTest"/>
  <testcase name="test11" time="3.365" classname="com.bxx.test.JoinusjobTest">
    <failure type="java.lang.NullPointerException">
      <![CDATA[java.lang.NullPointerException
at com.bxx.core.WebDriverEngine.click(WebDriverEngine.java:151)
at com.bxx.test.JoinusjobTest.test11(JoinusjobTest.java:146)
at java.util.ArrayList.forEach(Unknown Source)
... Removed 27 stack frames]]>
    </failure>
  </testcase> <!-- test11 -->
  <testcase name="test12" time="3.347" classname="com.bxx.test.JoinusjobTest">
    <failure type="java.lang.NullPointerException">
      <![CDATA[java.lang.NullPointerException
at com.bxx.core.WebDriverEngine.click(WebDriverEngine.java:151)
at com.bxx.test.JoinusjobTest.test12(JoinusjobTest.java:158)
at java.util.ArrayList.forEach(Unknown Source)
... Removed 27 stack frames]]>
    </failure>
  </testcase> <!-- test12 -->
  <testcase name="test13" time="8.359" classname="com.bxx.test.JoinusjobTest">
    <failure type="java.lang.NullPointerException">
      <![CDATA[java.lang.NullPointerException
at com.bxx.core.WebDriverEngine.click(WebDriverEngine.java:151)
at com.bxx.test.JoinusjobTest.test13(JoinusjobTest.java:168)
at java.util.ArrayList.forEach(Unknown Source)
... Removed 27 stack frames]]>
    </failure>
  </testcase> <!-- test13 -->
  <testcase name="test14" time="13.19" classname="com.bxx.test.JoinusjobTest"/>
  <testcase name="test15" time="9.715" classname="com.bxx.test.JoinusjobTest"/>
  <testcase name="test16" time="13.041" classname="com.bxx.test.JoinusjobTest"/>
  <testcase name="test2" time="10.114" classname="com.bxx.test.JoinusjobTest"/>
  <testcase name="test3" time="3.41" classname="com.bxx.test.JoinusjobTest"/>
  <testcase name="test4" time="9.907" classname="com.bxx.test.JoinusjobTest"/>
  <testcase name="test5" time="10.26" classname="com.bxx.test.JoinusjobTest"/>
  <testcase name="test6" time="10.521" classname="com.bxx.test.JoinusjobTest"/>
  <testcase name="test7" time="10.016" classname="com.bxx.test.JoinusjobTest"/>
  <testcase name="test8" time="9.994" classname="com.bxx.test.JoinusjobTest"/>
  <testcase name="test9" time="6.684" classname="com.bxx.test.JoinusjobTest"/>
</testsuite> <!-- test -->
