<?xml version="1.0" encoding="UTF-8"?>
<!-- Generated by org.testng.reporters.JUnitXMLReporter -->
<testsuite hostname="DESKTOP-TNDKL02" ignored="4" name="Default test" tests="2" failures="0" timestamp="2020-12-06T10:22:38 CST" time="100.298" errors="0">
  <testcase name="siteInfoSetting1" time="42.585" classname="com.webtest.demo.NowPageSetting"/>
  <testcase name="siteInfoSetting1" time="42.39" classname="com.webtest.demo.NowPageSetting"/>
  <testcase name="setTextStyle" time="0.0" classname="com.webtest.demo.NowPageSetting">
    <ignored/>
  </testcase> <!-- setTextStyle -->
  <testcase name="otherImg" time="0.0" classname="com.webtest.demo.NowPageSetting">
    <ignored/>
  </testcase> <!-- otherImg -->
  <testcase name="setBottomOtherInf" time="0.0" classname="com.webtest.demo.NowPageSetting">
    <ignored/>
  </testcase> <!-- setBottomOtherInf -->
  <testcase name="setBottomInf" time="0.0" classname="com.webtest.demo.NowPageSetting">
    <ignored/>
  </testcase> <!-- setBottomInf -->
</testsuite> <!-- Default test -->
