<?xml version="1.0" encoding="UTF-8"?>
<!-- Generated by org.testng.reporters.JUnitXMLReporter -->
<testsuite hostname="DESKTOP-TNDKL02" ignored="0" name="Default test" tests="3" failures="0" timestamp="2020-11-23T17:29:01 CST" time="96.268" errors="0">
  <testcase name="siteInfoSetting1" time="42.309" classname="com.webtest.demo.NowPageSetting"/>
  <testcase name="otherImg" time="21.124" classname="com.webtest.demo.NowPageSetting"/>
  <testcase name="localImg" time="19.232" classname="com.webtest.demo.NowPageSetting"/>
</testsuite> <!-- Default test -->
