<?xml version="1.0" encoding="UTF-8"?>
<!-- Generated by org.testng.reporters.JUnitXMLReporter -->
<testsuite hostname="DESKTOP-TNDKL02" ignored="8" name="Default test" tests="1" failures="0" timestamp="2020-12-02T08:29:33 CST" time="32.35" errors="0">
  <testcase name="deletePhoneBtn" time="19.316" classname="com.webtest.demo.PhoneMenuSetting"/>
  <testcase name="editPhoneBtnUrl" time="0.0" classname="com.webtest.demo.PhoneMenuSetting">
    <ignored/>
  </testcase> <!-- editPhoneBtnUrl -->
  <testcase name="editPhoneTextColor" time="0.0" classname="com.webtest.demo.PhoneMenuSetting">
    <ignored/>
  </testcase> <!-- editPhoneTextColor -->
  <testcase name="editPhoneBtnColor" time="0.0" classname="com.webtest.demo.PhoneMenuSetting">
    <ignored/>
  </testcase> <!-- editPhoneBtnColor -->
  <testcase name="editPhoneBtnEnable" time="0.0" classname="com.webtest.demo.PhoneMenuSetting">
    <ignored/>
  </testcase> <!-- editPhoneBtnEnable -->
  <testcase name="editPhoneBtnText" time="0.0" classname="com.webtest.demo.PhoneMenuSetting">
    <ignored/>
  </testcase> <!-- editPhoneBtnText -->
  <testcase name="deletePhoneBtnImg" time="0.0" classname="com.webtest.demo.PhoneMenuSetting">
    <ignored/>
  </testcase> <!-- deletePhoneBtnImg -->
  <testcase name="addPhoneBtn" time="0.0" classname="com.webtest.demo.PhoneMenuSetting">
    <ignored/>
  </testcase> <!-- addPhoneBtn -->
  <testcase name="editPhoneBtnImg" time="0.0" classname="com.webtest.demo.PhoneMenuSetting">
    <ignored/>
  </testcase> <!-- editPhoneBtnImg -->
</testsuite> <!-- Default test -->
