<?xml version="1.0" encoding="UTF-8"?>
<!-- Generated by org.testng.reporters.JUnitXMLReporter -->
<testsuite hostname="DESKTOP-TNDKL02" ignored="11" name="Default test" tests="1" failures="0" timestamp="2020-12-08T19:11:23 CST" time="45.332" errors="0">
  <testcase name="CSstyleSetting" time="31.385" classname="com.webtest.demo.CustomerServiceSetting"/>
  <testcase name="editCSName" time="0.0" classname="com.webtest.demo.CustomerServiceSetting">
    <ignored/>
  </testcase> <!-- editCSName -->
  <testcase name="deleteCSImg" time="0.0" classname="com.webtest.demo.CustomerServiceSetting">
    <ignored/>
  </testcase> <!-- deleteCSImg -->
  <testcase name="editeCSType" time="0.0" classname="com.webtest.demo.CustomerServiceSetting">
    <ignored/>
  </testcase> <!-- editeCSType -->
  <testcase name="deleteColumn" time="0.0" classname="com.webtest.demo.CustomerServiceSetting">
    <ignored/>
  </testcase> <!-- deleteColumn -->
  <testcase name="editCSPhoneNum" time="0.0" classname="com.webtest.demo.CustomerServiceSetting">
    <ignored/>
  </testcase> <!-- editCSPhoneNum -->
  <testcase name="deleteCS" time="0.0" classname="com.webtest.demo.CustomerServiceSetting">
    <ignored/>
  </testcase> <!-- deleteCS -->
  <testcase name="addColumn" time="0.0" classname="com.webtest.demo.CustomerServiceSetting">
    <ignored/>
  </testcase> <!-- addColumn -->
  <testcase name="addCS" time="0.0" classname="com.webtest.demo.CustomerServiceSetting">
    <ignored/>
  </testcase> <!-- addCS -->
  <testcase name="editFixedStyle" time="0.0" classname="com.webtest.demo.CustomerServiceSetting">
    <ignored/>
  </testcase> <!-- editFixedStyle -->
  <testcase name="editCSImg" time="0.0" classname="com.webtest.demo.CustomerServiceSetting">
    <ignored/>
  </testcase> <!-- editCSImg -->
  <testcase name="otherSetting" time="0.0" classname="com.webtest.demo.CustomerServiceSetting">
    <ignored/>
  </testcase> <!-- otherSetting -->
</testsuite> <!-- Default test -->
