<?xml version="1.0" encoding="UTF-8"?>
<testng-results skipped="0" failed="0" ignored="11" total="12" passed="1">
  <reporter-output>
  </reporter-output>
  <suite name="Default suite" duration-ms="45332" started-at="2020-12-08T19:10:38 CST" finished-at="2020-12-08T19:11:23 CST">
    <groups>
    </groups>
    <test name="Default test" duration-ms="45332" started-at="2020-12-08T19:10:38 CST" finished-at="2020-12-08T19:11:23 CST">
      <class name="com.webtest.demo.CustomerServiceSetting">
        <test-method status="PASS" signature="doBeforeClass()[pri:0, instance:com.webtest.demo.CustomerServiceSetting@1efed156]" name="doBeforeClass" is-config="true" duration-ms="13110" started-at="2020-12-08T19:10:38 CST" finished-at="2020-12-08T19:10:51 CST">
          <reporter-output>
          </reporter-output>
        </test-method> <!-- doBeforeClass -->
        <test-method status="PASS" signature="refreshPage()[pri:0, instance:com.webtest.demo.CustomerServiceSetting@1efed156]" name="refreshPage" is-config="true" duration-ms="794" started-at="2020-12-08T19:10:51 CST" finished-at="2020-12-08T19:10:52 CST">
          <reporter-output>
          </reporter-output>
        </test-method> <!-- refreshPage -->
        <test-method status="PASS" signature="CSstyleSetting()[pri:9, instance:com.webtest.demo.CustomerServiceSetting@1efed156]" name="CSstyleSetting" duration-ms="31385" started-at="2020-12-08T19:10:52 CST" finished-at="2020-12-08T19:11:23 CST">
          <reporter-output>
          </reporter-output>
        </test-method> <!-- CSstyleSetting -->
        <test-method status="PASS" signature="mailUtil()[pri:0, instance:com.webtest.demo.CustomerServiceSetting@1efed156]" name="mailUtil" is-config="true" duration-ms="1559" started-at="2020-12-08T19:11:23 CST" finished-at="2020-12-08T19:11:25 CST">
          <reporter-output>
          </reporter-output>
        </test-method> <!-- mailUtil -->
      </class> <!-- com.webtest.demo.CustomerServiceSetting -->
    </test> <!-- Default test -->
  </suite> <!-- Default suite -->
</testng-results>
