<?xml version="1.0" encoding="UTF-8"?>
<testng-results skipped="0" failed="0" ignored="0" total="2" passed="2">
  <reporter-output>
  </reporter-output>
  <suite name="Default suite" duration-ms="25986" started-at="2020-11-16T17:14:18 CST" finished-at="2020-11-16T17:14:44 CST">
    <groups>
    </groups>
    <test name="Default test" duration-ms="25986" started-at="2020-11-16T17:14:18 CST" finished-at="2020-11-16T17:14:44 CST">
      <class name="com.webtest.demo.Products">
        <test-method status="PASS" signature="doBeforeClass()[pri:0, instance:com.webtest.demo.Products@6e6c3152]" name="doBeforeClass" is-config="true" duration-ms="4405" started-at="2020-11-16T17:14:18 CST" finished-at="2020-11-16T17:14:23 CST">
          <reporter-output>
          </reporter-output>
        </test-method> <!-- doBeforeClass -->
        <test-method status="PASS" signature="loginTest()[pri:0, instance:com.webtest.demo.Products@6e6c3152]" name="loginTest" duration-ms="8703" started-at="2020-11-16T17:14:23 CST" finished-at="2020-11-16T17:14:32 CST">
          <reporter-output>
          </reporter-output>
        </test-method> <!-- loginTest -->
        <test-method status="PASS" signature="productTest()[pri:1, instance:com.webtest.demo.Products@6e6c3152]" name="productTest" duration-ms="12850" started-at="2020-11-16T17:14:32 CST" finished-at="2020-11-16T17:14:44 CST">
          <reporter-output>
          </reporter-output>
        </test-method> <!-- productTest -->
      </class> <!-- com.webtest.demo.Products -->
    </test> <!-- Default test -->
  </suite> <!-- Default suite -->
</testng-results>
