<?xml version="1.0" encoding="UTF-8"?>
<testng-results skipped="0" failed="0" ignored="8" total="9" passed="1">
  <reporter-output>
  </reporter-output>
  <suite name="Default suite" duration-ms="32350" started-at="2020-12-02T08:29:01 CST" finished-at="2020-12-02T08:29:33 CST">
    <groups>
    </groups>
    <test name="Default test" duration-ms="32350" started-at="2020-12-02T08:29:01 CST" finished-at="2020-12-02T08:29:33 CST">
      <class name="com.webtest.demo.PhoneMenuSetting">
        <test-method status="PASS" signature="doBeforeClass()[pri:0, instance:com.webtest.demo.PhoneMenuSetting@63e2203c]" name="doBeforeClass" is-config="true" duration-ms="4397" started-at="2020-12-02T08:29:01 CST" finished-at="2020-12-02T08:29:05 CST">
          <reporter-output>
          </reporter-output>
        </test-method> <!-- doBeforeClass -->
        <test-method status="PASS" signature="loginTest()[pri:0, instance:com.webtest.demo.PhoneMenuSetting@63e2203c]" name="loginTest" is-config="true" duration-ms="8601" started-at="2020-12-02T08:29:05 CST" finished-at="2020-12-02T08:29:14 CST">
          <reporter-output>
          </reporter-output>
        </test-method> <!-- loginTest -->
        <test-method status="PASS" signature="deletePhoneBtn()[pri:10, instance:com.webtest.demo.PhoneMenuSetting@63e2203c]" name="deletePhoneBtn" duration-ms="19316" started-at="2020-12-02T08:29:14 CST" finished-at="2020-12-02T08:29:33 CST">
          <reporter-output>
          </reporter-output>
        </test-method> <!-- deletePhoneBtn -->
      </class> <!-- com.webtest.demo.PhoneMenuSetting -->
    </test> <!-- Default test -->
  </suite> <!-- Default suite -->
</testng-results>
